<?xml version="1.0" encoding="UTF-8"?>
<testng-results ignored="0" total="1" passed="1" failed="0" skipped="0">
  <reporter-output>
  </reporter-output>
  <suite started-at="2021-06-21T14:03:30Z" name="Default suite" finished-at="2021-06-21T14:03:33Z" duration-ms="2646">
    <groups>
    </groups>
    <test started-at="2021-06-21T14:03:30Z" name="Default test" finished-at="2021-06-21T14:03:33Z" duration-ms="2646">
      <class name="variable.Extend_Reports">
        <test-method signature="Reports()[pri:0, instance:variable.Extend_Reports@4b34fff9]" started-at="2021-06-21T19:33:30Z" name="Reports" finished-at="2021-06-21T19:33:33Z" duration-ms="2584" status="PASS">
          <reporter-output>
          </reporter-output>
        </test-method> <!-- Reports -->
      </class> <!-- variable.Extend_Reports -->
    </test> <!-- Default test -->
  </suite> <!-- Default suite -->
</testng-results>
